<?xml version="1.0" encoding="UTF-8"?>
<testsuite name="com.nasa.todaynasa.TodaynasaApplicationTests" tests="1" skipped="0" failures="0" errors="0" timestamp="2024-06-05T11:21:47" hostname="Coder.local" time="0.448">
  <properties/>
  <testcase name="contextLoads()" classname="com.nasa.todaynasa.TodaynasaApplicationTests" time="0.448"/>
  <system-out><![CDATA[20:21:46.677 [Test worker] INFO org.springframework.test.context.support.AnnotationConfigContextLoaderUtils -- Could not detect default configuration classes for test class [com.nasa.todaynasa.TodaynasaApplicationTests]: TodaynasaApplicationTests does not declare any static, non-private, non-final, nested classes annotated with @Configuration.
20:21:46.725 [Test worker] INFO org.springframework.boot.test.context.SpringBootTestContextBootstrapper -- Found @SpringBootConfiguration com.nasa.todaynasa.TodaynasaApplication for test class com.nasa.todaynasa.TodaynasaApplicationTests
  .   ____          _            __ _ _
 /\\ / ___'_ __ _ _(_)_ __  __ _ \ \ \ \
( ( )\___ | '_ | '_| | '_ \/ _` | \ \ \ \
 \\/  ___)| |_)| | | | | || (_| |  ) ) ) )
  '  |____| .__|_| |_|_| |_\__, | / / / /
 =========|_|==============|___/=/_/_/_/

 :: Spring Boot ::                (v3.3.0)

2024-06-05T20:21:46.901+09:00  INFO 9431 --- [todaynasa] [    Test worker] c.n.todaynasa.TodaynasaApplicationTests  : Starting TodaynasaApplicationTests using Java 21.0.1 with PID 9431 (started by jeeewan in /Users/jeeewan/GitHub/NASA)
2024-06-05T20:21:46.902+09:00  INFO 9431 --- [todaynasa] [    Test worker] c.n.todaynasa.TodaynasaApplicationTests  : No active profile set, falling back to 1 default profile: "default"
2024-06-05T20:21:47.627+09:00  INFO 9431 --- [todaynasa] [    Test worker] c.n.todaynasa.TodaynasaApplicationTests  : Started TodaynasaApplicationTests in 0.828 seconds (process running for 1.391)
]]></system-out>
  <system-err><![CDATA[WARNING: A Java agent has been loaded dynamically (/Users/jeeewan/.gradle/caches/modules-2/files-2.1/net.bytebuddy/byte-buddy-agent/1.14.16/4a451ee6484abac3a498df0f3b33ed00a6fced4d/byte-buddy-agent-1.14.16.jar)
WARNING: If a serviceability tool is in use, please run with -XX:+EnableDynamicAgentLoading to hide this warning
WARNING: If a serviceability tool is not in use, please run with -Djdk.instrument.traceUsage for more information
WARNING: Dynamic loading of agents will be disallowed by default in a future release
]]></system-err>
</testsuite>
