<?xml version="1.0" encoding="UTF-8"?>
<testsuite name="com.project.nasa.aTest" tests="1" skipped="0" failures="0" errors="0" timestamp="2024-03-29T06:05:01" hostname="Coder" time="0.007">
  <properties/>
  <testcase name="hello()" classname="com.project.nasa.aTest" time="0.007"/>
  <system-out><![CDATA[]]></system-out>
  <system-err><![CDATA[]]></system-err>
</testsuite>
